jun 06, 2022 1:50:38 P. M. com.company.Main main
INFO: Main inicializado
jun 06, 2022 1:50:38 P. M. com.company.Main main
INFO: LLamando a la vista principal
jun 06, 2022 1:50:39 P. M. com.company.Main main
INFO: Vista principal inicializado con exito
jun 06, 2022 1:50:40 P. M. com.company.BaseDatos.BBDD connect
INFO: Conexion establecida con exito
jun 06, 2022 1:50:40 P. M. com.company.BaseDatos.BBDD close
INFO: Conexion cerrada con exito
jun 06, 2022 1:50:40 P. M. com.company.BaseDatos.BBDD close
INFO: Conexion cerrada con exito
jun 06, 2022 1:50:40 P. M. com.company.BaseDatos.CRUDCliente getAll
INFO: GetAll en Cliente = exito
jun 06, 2022 1:50:40 P. M. com.company.BaseDatos.BBDD connect
INFO: Conexion establecida con exito
jun 06, 2022 1:50:40 P. M. com.company.BaseDatos.BBDD close
INFO: Conexion cerrada con exito
jun 06, 2022 1:50:40 P. M. com.company.BaseDatos.BBDD close
INFO: Conexion cerrada con exito
jun 06, 2022 1:50:40 P. M. com.company.BaseDatos.CRUDActuacion getAll
INFO: GetAll en Actuacion = exito
jun 06, 2022 1:50:40 P. M. com.company.BaseDatos.BBDD connect
INFO: Conexion establecida con exito
jun 06, 2022 1:50:40 P. M. com.company.BaseDatos.BBDD close
INFO: Conexion cerrada con exito
jun 06, 2022 1:50:40 P. M. com.company.BaseDatos.BBDD close
INFO: Conexion cerrada con exito
jun 06, 2022 1:50:40 P. M. com.company.BaseDatos.CRUDEspecificacionActuacion getAll
INFO: GetAll en EspecificacionActuacion = exito
jun 06, 2022 1:50:40 P. M. com.company.BaseDatos.BBDD connect
INFO: Conexion establecida con exito
jun 06, 2022 1:50:40 P. M. com.company.BaseDatos.BBDD close
INFO: Conexion cerrada con exito
jun 06, 2022 1:50:40 P. M. com.company.BaseDatos.BBDD close
INFO: Conexion cerrada con exito
jun 06, 2022 1:50:40 P. M. com.company.BaseDatos.CRUDCliente getAll
INFO: GetAll en Cliente = exito
jun 06, 2022 1:50:40 P. M. com.company.BaseDatos.BBDD connect
INFO: Conexion establecida con exito
jun 06, 2022 1:50:40 P. M. com.company.BaseDatos.BBDD close
INFO: Conexion cerrada con exito
jun 06, 2022 1:50:40 P. M. com.company.BaseDatos.CRUDActuacion getColumnActuacion
INFO: getColumnActuacion en Actuacion = exito
jun 06, 2022 1:50:40 P. M. com.company.BaseDatos.BBDD connect
INFO: Conexion establecida con exito
jun 06, 2022 1:50:40 P. M. com.company.BaseDatos.CRUDCliente getColumnsCliente
INFO: getColumnsCliente en Cliente = exito
jun 06, 2022 1:50:40 P. M. com.company.BaseDatos.BBDD close
INFO: Conexion cerrada con exito
